2025-12-25T10:22:17.112+05:30  INFO 16822 --- [LibMgmntSystem] [main] com.lms.demo.LibMgmntSystemApplication   : Starting LibMgmntSystemApplication using Java 17.0.17 with PID 16822 (/home/guhan/LmsBackend/target/classes started by guhan in /home/guhan/LmsBackend)
2025-12-25T10:22:17.127+05:30  INFO 16822 --- [LibMgmntSystem] [main] com.lms.demo.LibMgmntSystemApplication   : No active profile set, falling back to 1 default profile: "default"
2025-12-25T10:22:22.150+05:30  INFO 16822 --- [LibMgmntSystem] [main] .s.d.r.c.RepositoryConfigurationDelegate : Multiple Spring Data modules found, entering strict repository configuration mode
2025-12-25T10:22:22.152+05:30  INFO 16822 --- [LibMgmntSystem] [main] .s.d.r.c.RepositoryConfigurationDelegate : Bootstrapping Spring Data JDBC repositories in DEFAULT mode.
2025-12-25T10:22:22.181+05:30  INFO 16822 --- [LibMgmntSystem] [main] .RepositoryConfigurationExtensionSupport : Spring Data JDBC - Could not safely identify store assignment for repository candidate interface com.lms.demo.repository.BookRepository; If you want this repository to be a JDBC repository, consider annotating your entities with one of these annotations: org.springframework.data.relational.core.mapping.Table.
2025-12-25T10:22:22.182+05:30  INFO 16822 --- [LibMgmntSystem] [main] .RepositoryConfigurationExtensionSupport : Spring Data JDBC - Could not safely identify store assignment for repository candidate interface com.lms.demo.repository.IssueRepository; If you want this repository to be a JDBC repository, consider annotating your entities with one of these annotations: org.springframework.data.relational.core.mapping.Table.
2025-12-25T10:22:22.183+05:30  INFO 16822 --- [LibMgmntSystem] [main] .RepositoryConfigurationExtensionSupport : Spring Data JDBC - Could not safely identify store assignment for repository candidate interface com.lms.demo.repository.UserRepository; If you want this repository to be a JDBC repository, consider annotating your entities with one of these annotations: org.springframework.data.relational.core.mapping.Table.
2025-12-25T10:22:22.184+05:30  INFO 16822 --- [LibMgmntSystem] [main] .s.d.r.c.RepositoryConfigurationDelegate : Finished Spring Data repository scanning in 25 ms. Found 0 JDBC repository interfaces.
2025-12-25T10:22:22.218+05:30  INFO 16822 --- [LibMgmntSystem] [main] .s.d.r.c.RepositoryConfigurationDelegate : Multiple Spring Data modules found, entering strict repository configuration mode
2025-12-25T10:22:22.222+05:30  INFO 16822 --- [LibMgmntSystem] [main] .s.d.r.c.RepositoryConfigurationDelegate : Bootstrapping Spring Data JPA repositories in DEFAULT mode.
2025-12-25T10:22:22.378+05:30  INFO 16822 --- [LibMgmntSystem] [main] .s.d.r.c.RepositoryConfigurationDelegate : Finished Spring Data repository scanning in 139 ms. Found 3 JPA repository interfaces.
2025-12-25T10:22:28.448+05:30  INFO 16822 --- [LibMgmntSystem] [main] o.s.boot.tomcat.TomcatWebServer          : Tomcat initialized with port 6902 (http)
2025-12-25T10:22:28.502+05:30  INFO 16822 --- [LibMgmntSystem] [main] o.apache.catalina.core.StandardService   : Starting service [Tomcat]
2025-12-25T10:22:28.503+05:30  INFO 16822 --- [LibMgmntSystem] [main] o.apache.catalina.core.StandardEngine    : Starting Servlet engine: [Apache Tomcat/11.0.15]
2025-12-25T10:22:28.596+05:30  INFO 16822 --- [LibMgmntSystem] [main] b.w.c.s.WebApplicationContextInitializer : Root WebApplicationContext: initialization completed in 9901 ms
2025-12-25T10:22:29.337+05:30  INFO 16822 --- [LibMgmntSystem] [main] org.hibernate.orm.jpa                    : HHH008540: Processing PersistenceUnitInfo [name: default]
2025-12-25T10:22:29.587+05:30  INFO 16822 --- [LibMgmntSystem] [main] org.hibernate.orm.core                   : HHH000001: Hibernate ORM core version 7.2.0.Final
2025-12-25T10:22:30.639+05:30  INFO 16822 --- [LibMgmntSystem] [main] o.s.o.j.p.SpringPersistenceUnitInfo      : No LoadTimeWeaver setup: ignoring JPA class transformer
2025-12-25T10:22:30.669+05:30  INFO 16822 --- [LibMgmntSystem] [main] com.zaxxer.hikari.HikariDataSource       : HikariPool-1 - Starting...
2025-12-25T10:22:31.843+05:30  INFO 16822 --- [LibMgmntSystem] [main] com.zaxxer.hikari.pool.HikariPool        : HikariPool-1 - Added connection com.mysql.cj.jdbc.ConnectionImpl@77020328
2025-12-25T10:22:31.846+05:30  INFO 16822 --- [LibMgmntSystem] [main] com.zaxxer.hikari.HikariDataSource       : HikariPool-1 - Start completed.
2025-12-25T10:22:32.269+05:30  INFO 16822 --- [LibMgmntSystem] [main] org.hibernate.orm.connections.pooling    : HHH10001005: Database info:
	Database JDBC URL [jdbc:mysql://localhost:3306/lms]
	Database driver: MySQL Connector/J
	Database dialect: MySQLDialect
	Database version: 8.0.44
	Default catalog/schema: lms/undefined
	Autocommit mode: undefined/unknown
	Isolation level: REPEATABLE_READ [default REPEATABLE_READ]
	JDBC fetch size: none
	Pool: DataSourceConnectionProvider
	Minimum pool size: undefined/unknown
	Maximum pool size: undefined/unknown
2025-12-25T10:22:33.807+05:30  INFO 16822 --- [LibMgmntSystem] [main] org.hibernate.orm.core                   : HHH000489: No JTA platform available (set 'hibernate.transaction.jta.platform' to enable JTA platform integration)
2025-12-25T10:22:34.565+05:30  INFO 16822 --- [LibMgmntSystem] [main] j.LocalContainerEntityManagerFactoryBean : Initialized JPA EntityManagerFactory for persistence unit 'default'
2025-12-25T10:22:34.755+05:30  INFO 16822 --- [LibMgmntSystem] [main] o.s.d.j.r.query.QueryEnhancerFactories   : Hibernate is in classpath; If applicable, HQL parser will be used.
2025-12-25T10:22:35.102+05:30  WARN 16822 --- [LibMgmntSystem] [main] JpaBaseConfiguration$JpaWebConfiguration : spring.jpa.open-in-view is enabled by default. Therefore, database queries may be performed during view rendering. Explicitly configure spring.jpa.open-in-view to disable this warning
2025-12-25T10:22:35.718+05:30  INFO 16822 --- [LibMgmntSystem] [main] o.s.boot.tomcat.TomcatWebServer          : Tomcat started on port 6902 (http) with context path '/'
2025-12-25T10:22:35.724+05:30  INFO 16822 --- [LibMgmntSystem] [main] com.lms.demo.LibMgmntSystemApplication   : Started LibMgmntSystemApplication in 20.594 seconds (process running for 22.621)
2025-12-25T10:23:01.259+05:30  INFO 16822 --- [LibMgmntSystem] [http-nio-6902-exec-1] o.a.c.c.C.[Tomcat].[localhost].[/]       : Initializing Spring DispatcherServlet 'dispatcherServlet'
2025-12-25T10:23:01.260+05:30  INFO 16822 --- [LibMgmntSystem] [http-nio-6902-exec-1] o.s.web.servlet.DispatcherServlet        : Initializing Servlet 'dispatcherServlet'
2025-12-25T10:23:01.262+05:30  INFO 16822 --- [LibMgmntSystem] [http-nio-6902-exec-1] o.s.web.servlet.DispatcherServlet        : Completed initialization in 2 ms
2025-12-25T10:23:01.312+05:30  INFO 16822 --- [LibMgmntSystem] [http-nio-6902-exec-1] com.lms.demo.service.IssueService        : Searching user with email: [muthu@gmail.com]
2025-12-25T10:23:07.860+05:30  INFO 16822 --- [LibMgmntSystem] [SpringApplicationShutdownHook] o.s.boot.tomcat.GracefulShutdown         : Commencing graceful shutdown. Waiting for active requests to complete
2025-12-25T10:23:07.864+05:30  INFO 16822 --- [LibMgmntSystem] [tomcat-shutdown] o.s.boot.tomcat.GracefulShutdown         : Graceful shutdown complete
2025-12-25T10:23:07.872+05:30  INFO 16822 --- [LibMgmntSystem] [SpringApplicationShutdownHook] j.LocalContainerEntityManagerFactoryBean : Closing JPA EntityManagerFactory for persistence unit 'default'
2025-12-25T10:23:07.876+05:30  INFO 16822 --- [LibMgmntSystem] [SpringApplicationShutdownHook] com.zaxxer.hikari.HikariDataSource       : HikariPool-1 - Shutdown initiated...
2025-12-25T10:23:07.887+05:30  INFO 16822 --- [LibMgmntSystem] [SpringApplicationShutdownHook] com.zaxxer.hikari.HikariDataSource       : HikariPool-1 - Shutdown completed.
2025-12-25T12:09:59.008+05:30  INFO 21107 --- [LibMgmntSystem] [main] com.lms.demo.LibMgmntSystemApplication   : Starting LibMgmntSystemApplication using Java 17.0.17 with PID 21107 (/home/guhan/LmsBackend/target/classes started by guhan in /home/guhan/LmsBackend)
2025-12-25T12:09:59.113+05:30  INFO 21107 --- [LibMgmntSystem] [main] com.lms.demo.LibMgmntSystemApplication   : No active profile set, falling back to 1 default profile: "default"
2025-12-25T12:10:01.610+05:30  INFO 21107 --- [LibMgmntSystem] [main] .s.d.r.c.RepositoryConfigurationDelegate : Multiple Spring Data modules found, entering strict repository configuration mode
2025-12-25T12:10:01.611+05:30  INFO 21107 --- [LibMgmntSystem] [main] .s.d.r.c.RepositoryConfigurationDelegate : Bootstrapping Spring Data JDBC repositories in DEFAULT mode.
2025-12-25T12:10:01.633+05:30  INFO 21107 --- [LibMgmntSystem] [main] .RepositoryConfigurationExtensionSupport : Spring Data JDBC - Could not safely identify store assignment for repository candidate interface com.lms.demo.repository.BookRepository; If you want this repository to be a JDBC repository, consider annotating your entities with one of these annotations: org.springframework.data.relational.core.mapping.Table.
2025-12-25T12:10:01.634+05:30  INFO 21107 --- [LibMgmntSystem] [main] .RepositoryConfigurationExtensionSupport : Spring Data JDBC - Could not safely identify store assignment for repository candidate interface com.lms.demo.repository.IssueRepository; If you want this repository to be a JDBC repository, consider annotating your entities with one of these annotations: org.springframework.data.relational.core.mapping.Table.
2025-12-25T12:10:01.635+05:30  INFO 21107 --- [LibMgmntSystem] [main] .RepositoryConfigurationExtensionSupport : Spring Data JDBC - Could not safely identify store assignment for repository candidate interface com.lms.demo.repository.UserRepository; If you want this repository to be a JDBC repository, consider annotating your entities with one of these annotations: org.springframework.data.relational.core.mapping.Table.
2025-12-25T12:10:01.635+05:30  INFO 21107 --- [LibMgmntSystem] [main] .s.d.r.c.RepositoryConfigurationDelegate : Finished Spring Data repository scanning in 19 ms. Found 0 JDBC repository interfaces.
2025-12-25T12:10:01.679+05:30  INFO 21107 --- [LibMgmntSystem] [main] .s.d.r.c.RepositoryConfigurationDelegate : Multiple Spring Data modules found, entering strict repository configuration mode
2025-12-25T12:10:01.681+05:30  INFO 21107 --- [LibMgmntSystem] [main] .s.d.r.c.RepositoryConfigurationDelegate : Bootstrapping Spring Data JPA repositories in DEFAULT mode.
2025-12-25T12:10:01.726+05:30  INFO 21107 --- [LibMgmntSystem] [main] .s.d.r.c.RepositoryConfigurationDelegate : Finished Spring Data repository scanning in 33 ms. Found 3 JPA repository interfaces.
2025-12-25T12:10:02.184+05:30  INFO 21107 --- [LibMgmntSystem] [main] o.s.boot.tomcat.TomcatWebServer          : Tomcat initialized with port 6902 (http)
2025-12-25T12:10:02.203+05:30  INFO 21107 --- [LibMgmntSystem] [main] o.apache.catalina.core.StandardService   : Starting service [Tomcat]
2025-12-25T12:10:02.203+05:30  INFO 21107 --- [LibMgmntSystem] [main] o.apache.catalina.core.StandardEngine    : Starting Servlet engine: [Apache Tomcat/11.0.15]
2025-12-25T12:10:02.231+05:30  INFO 21107 --- [LibMgmntSystem] [main] b.w.c.s.WebApplicationContextInitializer : Root WebApplicationContext: initialization completed in 2608 ms
2025-12-25T12:10:02.409+05:30  INFO 21107 --- [LibMgmntSystem] [main] org.hibernate.orm.jpa                    : HHH008540: Processing PersistenceUnitInfo [name: default]
2025-12-25T12:10:02.610+05:30  INFO 21107 --- [LibMgmntSystem] [main] org.hibernate.orm.core                   : HHH000001: Hibernate ORM core version 7.2.0.Final
2025-12-25T12:10:03.213+05:30  INFO 21107 --- [LibMgmntSystem] [main] o.s.o.j.p.SpringPersistenceUnitInfo      : No LoadTimeWeaver setup: ignoring JPA class transformer
2025-12-25T12:10:03.253+05:30  INFO 21107 --- [LibMgmntSystem] [main] com.zaxxer.hikari.HikariDataSource       : HikariPool-1 - Starting...
2025-12-25T12:10:04.373+05:30  INFO 21107 --- [LibMgmntSystem] [main] com.zaxxer.hikari.pool.HikariPool        : HikariPool-1 - Added connection com.mysql.cj.jdbc.ConnectionImpl@690ed13a
2025-12-25T12:10:04.376+05:30  INFO 21107 --- [LibMgmntSystem] [main] com.zaxxer.hikari.HikariDataSource       : HikariPool-1 - Start completed.
2025-12-25T12:10:04.981+05:30  INFO 21107 --- [LibMgmntSystem] [main] org.hibernate.orm.connections.pooling    : HHH10001005: Database info:
	Database JDBC URL [jdbc:mysql://localhost:3306/lms]
	Database driver: MySQL Connector/J
	Database dialect: MySQLDialect
	Database version: 8.0.44
	Default catalog/schema: lms/undefined
	Autocommit mode: undefined/unknown
	Isolation level: REPEATABLE_READ [default REPEATABLE_READ]
	JDBC fetch size: none
	Pool: DataSourceConnectionProvider
	Minimum pool size: undefined/unknown
	Maximum pool size: undefined/unknown
2025-12-25T12:10:06.016+05:30  INFO 21107 --- [LibMgmntSystem] [main] org.hibernate.orm.core                   : HHH000489: No JTA platform available (set 'hibernate.transaction.jta.platform' to enable JTA platform integration)
2025-12-25T12:10:06.228+05:30  INFO 21107 --- [LibMgmntSystem] [main] j.LocalContainerEntityManagerFactoryBean : Initialized JPA EntityManagerFactory for persistence unit 'default'
2025-12-25T12:10:06.407+05:30  INFO 21107 --- [LibMgmntSystem] [main] o.s.d.j.r.query.QueryEnhancerFactories   : Hibernate is in classpath; If applicable, HQL parser will be used.
2025-12-25T12:10:06.596+05:30  WARN 21107 --- [LibMgmntSystem] [main] JpaBaseConfiguration$JpaWebConfiguration : spring.jpa.open-in-view is enabled by default. Therefore, database queries may be performed during view rendering. Explicitly configure spring.jpa.open-in-view to disable this warning
2025-12-25T12:10:07.104+05:30  INFO 21107 --- [LibMgmntSystem] [main] o.s.boot.tomcat.TomcatWebServer          : Tomcat started on port 6902 (http) with context path '/'
2025-12-25T12:10:07.107+05:30  INFO 21107 --- [LibMgmntSystem] [main] com.lms.demo.LibMgmntSystemApplication   : Started LibMgmntSystemApplication in 10.296 seconds (process running for 12.378)
2025-12-25T12:10:17.036+05:30  INFO 21107 --- [LibMgmntSystem] [http-nio-6902-exec-1] o.a.c.c.C.[Tomcat].[localhost].[/]       : Initializing Spring DispatcherServlet 'dispatcherServlet'
2025-12-25T12:10:17.037+05:30  INFO 21107 --- [LibMgmntSystem] [http-nio-6902-exec-1] o.s.web.servlet.DispatcherServlet        : Initializing Servlet 'dispatcherServlet'
2025-12-25T12:10:17.038+05:30  INFO 21107 --- [LibMgmntSystem] [http-nio-6902-exec-1] o.s.web.servlet.DispatcherServlet        : Completed initialization in 1 ms
2025-12-25T12:11:01.753+05:30  INFO 21107 --- [LibMgmntSystem] [SpringApplicationShutdownHook] o.s.boot.tomcat.GracefulShutdown         : Commencing graceful shutdown. Waiting for active requests to complete
2025-12-25T12:11:01.756+05:30  INFO 21107 --- [LibMgmntSystem] [tomcat-shutdown] o.s.boot.tomcat.GracefulShutdown         : Graceful shutdown complete
2025-12-25T12:11:01.759+05:30  INFO 21107 --- [LibMgmntSystem] [SpringApplicationShutdownHook] j.LocalContainerEntityManagerFactoryBean : Closing JPA EntityManagerFactory for persistence unit 'default'
2025-12-25T12:11:01.760+05:30  INFO 21107 --- [LibMgmntSystem] [SpringApplicationShutdownHook] com.zaxxer.hikari.HikariDataSource       : HikariPool-1 - Shutdown initiated...
2025-12-25T12:11:01.764+05:30  INFO 21107 --- [LibMgmntSystem] [SpringApplicationShutdownHook] com.zaxxer.hikari.HikariDataSource       : HikariPool-1 - Shutdown completed.
2025-12-25T12:13:30.175+05:30  INFO 21332 --- [LibMgmntSystem] [main] com.lms.demo.LibMgmntSystemApplication   : Starting LibMgmntSystemApplication using Java 17.0.17 with PID 21332 (/home/guhan/LmsBackend/target/classes started by guhan in /home/guhan/LmsBackend)
2025-12-25T12:13:30.178+05:30  INFO 21332 --- [LibMgmntSystem] [main] com.lms.demo.LibMgmntSystemApplication   : No active profile set, falling back to 1 default profile: "default"
2025-12-25T12:13:30.761+05:30  INFO 21332 --- [LibMgmntSystem] [main] .s.d.r.c.RepositoryConfigurationDelegate : Multiple Spring Data modules found, entering strict repository configuration mode
2025-12-25T12:13:30.762+05:30  INFO 21332 --- [LibMgmntSystem] [main] .s.d.r.c.RepositoryConfigurationDelegate : Bootstrapping Spring Data JDBC repositories in DEFAULT mode.
2025-12-25T12:13:30.780+05:30  INFO 21332 --- [LibMgmntSystem] [main] .RepositoryConfigurationExtensionSupport : Spring Data JDBC - Could not safely identify store assignment for repository candidate interface com.lms.demo.repository.BookRepository; If you want this repository to be a JDBC repository, consider annotating your entities with one of these annotations: org.springframework.data.relational.core.mapping.Table.
2025-12-25T12:13:30.781+05:30  INFO 21332 --- [LibMgmntSystem] [main] .RepositoryConfigurationExtensionSupport : Spring Data JDBC - Could not safely identify store assignment for repository candidate interface com.lms.demo.repository.IssueRepository; If you want this repository to be a JDBC repository, consider annotating your entities with one of these annotations: org.springframework.data.relational.core.mapping.Table.
2025-12-25T12:13:30.781+05:30  INFO 21332 --- [LibMgmntSystem] [main] .RepositoryConfigurationExtensionSupport : Spring Data JDBC - Could not safely identify store assignment for repository candidate interface com.lms.demo.repository.UserRepository; If you want this repository to be a JDBC repository, consider annotating your entities with one of these annotations: org.springframework.data.relational.core.mapping.Table.
2025-12-25T12:13:30.782+05:30  INFO 21332 --- [LibMgmntSystem] [main] .s.d.r.c.RepositoryConfigurationDelegate : Finished Spring Data repository scanning in 16 ms. Found 0 JDBC repository interfaces.
2025-12-25T12:13:30.789+05:30  INFO 21332 --- [LibMgmntSystem] [main] .s.d.r.c.RepositoryConfigurationDelegate : Multiple Spring Data modules found, entering strict repository configuration mode
2025-12-25T12:13:30.790+05:30  INFO 21332 --- [LibMgmntSystem] [main] .s.d.r.c.RepositoryConfigurationDelegate : Bootstrapping Spring Data JPA repositories in DEFAULT mode.
2025-12-25T12:13:30.805+05:30  INFO 21332 --- [LibMgmntSystem] [main] .s.d.r.c.RepositoryConfigurationDelegate : Finished Spring Data repository scanning in 11 ms. Found 3 JPA repository interfaces.
2025-12-25T12:13:31.106+05:30  INFO 21332 --- [LibMgmntSystem] [main] o.s.boot.tomcat.TomcatWebServer          : Tomcat initialized with port 6902 (http)
2025-12-25T12:13:31.114+05:30  INFO 21332 --- [LibMgmntSystem] [main] o.apache.catalina.core.StandardService   : Starting service [Tomcat]
2025-12-25T12:13:31.114+05:30  INFO 21332 --- [LibMgmntSystem] [main] o.apache.catalina.core.StandardEngine    : Starting Servlet engine: [Apache Tomcat/11.0.15]
2025-12-25T12:13:31.140+05:30  INFO 21332 --- [LibMgmntSystem] [main] b.w.c.s.WebApplicationContextInitializer : Root WebApplicationContext: initialization completed in 896 ms
2025-12-25T12:13:31.225+05:30  INFO 21332 --- [LibMgmntSystem] [main] org.hibernate.orm.jpa                    : HHH008540: Processing PersistenceUnitInfo [name: default]
2025-12-25T12:13:31.252+05:30  INFO 21332 --- [LibMgmntSystem] [main] org.hibernate.orm.core                   : HHH000001: Hibernate ORM core version 7.2.0.Final
2025-12-25T12:13:31.511+05:30  INFO 21332 --- [LibMgmntSystem] [main] o.s.o.j.p.SpringPersistenceUnitInfo      : No LoadTimeWeaver setup: ignoring JPA class transformer
2025-12-25T12:13:31.528+05:30  INFO 21332 --- [LibMgmntSystem] [main] com.zaxxer.hikari.HikariDataSource       : HikariPool-1 - Starting...
2025-12-25T12:13:31.819+05:30  INFO 21332 --- [LibMgmntSystem] [main] com.zaxxer.hikari.pool.HikariPool        : HikariPool-1 - Added connection com.mysql.cj.jdbc.ConnectionImpl@77020328
2025-12-25T12:13:31.821+05:30  INFO 21332 --- [LibMgmntSystem] [main] com.zaxxer.hikari.HikariDataSource       : HikariPool-1 - Start completed.
2025-12-25T12:13:31.905+05:30  INFO 21332 --- [LibMgmntSystem] [main] org.hibernate.orm.connections.pooling    : HHH10001005: Database info:
	Database JDBC URL [jdbc:mysql://localhost:3306/lms]
	Database driver: MySQL Connector/J
	Database dialect: MySQLDialect
	Database version: 8.0.44
	Default catalog/schema: lms/undefined
	Autocommit mode: undefined/unknown
	Isolation level: REPEATABLE_READ [default REPEATABLE_READ]
	JDBC fetch size: none
	Pool: DataSourceConnectionProvider
	Minimum pool size: undefined/unknown
	Maximum pool size: undefined/unknown
2025-12-25T12:13:32.528+05:30  INFO 21332 --- [LibMgmntSystem] [main] org.hibernate.orm.core                   : HHH000489: No JTA platform available (set 'hibernate.transaction.jta.platform' to enable JTA platform integration)
2025-12-25T12:13:32.670+05:30  INFO 21332 --- [LibMgmntSystem] [main] j.LocalContainerEntityManagerFactoryBean : Initialized JPA EntityManagerFactory for persistence unit 'default'
2025-12-25T12:13:32.725+05:30  INFO 21332 --- [LibMgmntSystem] [main] o.s.d.j.r.query.QueryEnhancerFactories   : Hibernate is in classpath; If applicable, HQL parser will be used.
2025-12-25T12:13:32.870+05:30  WARN 21332 --- [LibMgmntSystem] [main] JpaBaseConfiguration$JpaWebConfiguration : spring.jpa.open-in-view is enabled by default. Therefore, database queries may be performed during view rendering. Explicitly configure spring.jpa.open-in-view to disable this warning
2025-12-25T12:13:33.104+05:30  INFO 21332 --- [LibMgmntSystem] [main] o.s.boot.tomcat.TomcatWebServer          : Tomcat started on port 6902 (http) with context path '/'
2025-12-25T12:13:33.108+05:30  INFO 21332 --- [LibMgmntSystem] [main] com.lms.demo.LibMgmntSystemApplication   : Started LibMgmntSystemApplication in 3.454 seconds (process running for 3.881)
2025-12-25T12:13:38.259+05:30  INFO 21332 --- [LibMgmntSystem] [http-nio-6902-exec-2] o.a.c.c.C.[Tomcat].[localhost].[/]       : Initializing Spring DispatcherServlet 'dispatcherServlet'
2025-12-25T12:13:38.259+05:30  INFO 21332 --- [LibMgmntSystem] [http-nio-6902-exec-2] o.s.web.servlet.DispatcherServlet        : Initializing Servlet 'dispatcherServlet'
2025-12-25T12:13:38.260+05:30  INFO 21332 --- [LibMgmntSystem] [http-nio-6902-exec-2] o.s.web.servlet.DispatcherServlet        : Completed initialization in 1 ms
2025-12-25T12:15:10.742+05:30 ERROR 21332 --- [LibMgmntSystem] [http-nio-6902-exec-5] o.a.c.c.C.[.[.[/].[dispatcherServlet]    : Servlet.service() for servlet [dispatcherServlet] in context with path [] threw exception [Request processing failed: java.lang.RuntimeException: Book not Found] with root cause

java.lang.RuntimeException: Book not Found
	at com.lms.demo.service.IssueService.lambda$returnBook$3(IssueService.java:53) ~[classes/:na]
	at java.base/java.util.Optional.orElseThrow(Optional.java:403) ~[na:na]
	at com.lms.demo.service.IssueService.returnBook(IssueService.java:53) ~[classes/:na]
	at com.lms.demo.controller.IssueController.returnBook(IssueController.java:35) ~[classes/:na]
	at java.base/jdk.internal.reflect.NativeMethodAccessorImpl.invoke0(Native Method) ~[na:na]
	at java.base/jdk.internal.reflect.NativeMethodAccessorImpl.invoke(NativeMethodAccessorImpl.java:77) ~[na:na]
	at java.base/jdk.internal.reflect.DelegatingMethodAccessorImpl.invoke(DelegatingMethodAccessorImpl.java:43) ~[na:na]
	at java.base/java.lang.reflect.Method.invoke(Method.java:569) ~[na:na]
	at org.springframework.web.method.support.InvocableHandlerMethod.doInvoke(InvocableHandlerMethod.java:258) ~[spring-web-7.0.2.jar:7.0.2]
	at org.springframework.web.method.support.InvocableHandlerMethod.invokeForRequest(InvocableHandlerMethod.java:190) ~[spring-web-7.0.2.jar:7.0.2]
	at org.springframework.web.servlet.mvc.method.annotation.ServletInvocableHandlerMethod.invokeAndHandle(ServletInvocableHandlerMethod.java:117) ~[spring-webmvc-7.0.2.jar:7.0.2]
	at org.springframework.web.servlet.mvc.method.annotation.RequestMappingHandlerAdapter.invokeHandlerMethod(RequestMappingHandlerAdapter.java:934) ~[spring-webmvc-7.0.2.jar:7.0.2]
	at org.springframework.web.servlet.mvc.method.annotation.RequestMappingHandlerAdapter.handleInternal(RequestMappingHandlerAdapter.java:853) ~[spring-webmvc-7.0.2.jar:7.0.2]
	at org.springframework.web.servlet.mvc.method.AbstractHandlerMethodAdapter.handle(AbstractHandlerMethodAdapter.java:86) ~[spring-webmvc-7.0.2.jar:7.0.2]
	at org.springframework.web.servlet.DispatcherServlet.doDispatch(DispatcherServlet.java:963) ~[spring-webmvc-7.0.2.jar:7.0.2]
	at org.springframework.web.servlet.DispatcherServlet.doService(DispatcherServlet.java:866) ~[spring-webmvc-7.0.2.jar:7.0.2]
	at org.springframework.web.servlet.FrameworkServlet.processRequest(FrameworkServlet.java:1003) ~[spring-webmvc-7.0.2.jar:7.0.2]
	at org.springframework.web.servlet.FrameworkServlet.doGet(FrameworkServlet.java:892) ~[spring-webmvc-7.0.2.jar:7.0.2]
	at jakarta.servlet.http.HttpServlet.service(HttpServlet.java:622) ~[tomcat-embed-core-11.0.15.jar:6.1]
	at org.springframework.web.servlet.FrameworkServlet.service(FrameworkServlet.java:874) ~[spring-webmvc-7.0.2.jar:7.0.2]
	at jakarta.servlet.http.HttpServlet.service(HttpServlet.java:710) ~[tomcat-embed-core-11.0.15.jar:6.1]
	at org.apache.catalina.core.ApplicationFilterChain.doFilter(ApplicationFilterChain.java:128) ~[tomcat-embed-core-11.0.15.jar:11.0.15]
	at org.apache.tomcat.websocket.server.WsFilter.doFilter(WsFilter.java:53) ~[tomcat-embed-websocket-11.0.15.jar:11.0.15]
	at org.apache.catalina.core.ApplicationFilterChain.doFilter(ApplicationFilterChain.java:107) ~[tomcat-embed-core-11.0.15.jar:11.0.15]
	at org.springframework.web.filter.RequestContextFilter.doFilterInternal(RequestContextFilter.java:100) ~[spring-web-7.0.2.jar:7.0.2]
	at org.springframework.web.filter.OncePerRequestFilter.doFilter(OncePerRequestFilter.java:116) ~[spring-web-7.0.2.jar:7.0.2]
	at org.apache.catalina.core.ApplicationFilterChain.doFilter(ApplicationFilterChain.java:107) ~[tomcat-embed-core-11.0.15.jar:11.0.15]
	at org.springframework.web.filter.FormContentFilter.doFilterInternal(FormContentFilter.java:93) ~[spring-web-7.0.2.jar:7.0.2]
	at org.springframework.web.filter.OncePerRequestFilter.doFilter(OncePerRequestFilter.java:116) ~[spring-web-7.0.2.jar:7.0.2]
	at org.apache.catalina.core.ApplicationFilterChain.doFilter(ApplicationFilterChain.java:107) ~[tomcat-embed-core-11.0.15.jar:11.0.15]
	at org.springframework.web.filter.CharacterEncodingFilter.doFilterInternal(CharacterEncodingFilter.java:199) ~[spring-web-7.0.2.jar:7.0.2]
	at org.springframework.web.filter.OncePerRequestFilter.doFilter(OncePerRequestFilter.java:116) ~[spring-web-7.0.2.jar:7.0.2]
	at org.apache.catalina.core.ApplicationFilterChain.doFilter(ApplicationFilterChain.java:107) ~[tomcat-embed-core-11.0.15.jar:11.0.15]
	at org.apache.catalina.core.StandardWrapperValve.invoke(StandardWrapperValve.java:165) ~[tomcat-embed-core-11.0.15.jar:11.0.15]
	at org.apache.catalina.core.StandardContextValve.invoke(StandardContextValve.java:77) ~[tomcat-embed-core-11.0.15.jar:11.0.15]
	at org.apache.catalina.authenticator.AuthenticatorBase.invoke(AuthenticatorBase.java:482) ~[tomcat-embed-core-11.0.15.jar:11.0.15]
	at org.apache.catalina.core.StandardHostValve.invoke(StandardHostValve.java:113) ~[tomcat-embed-core-11.0.15.jar:11.0.15]
	at org.apache.catalina.valves.ErrorReportValve.invoke(ErrorReportValve.java:83) ~[tomcat-embed-core-11.0.15.jar:11.0.15]
	at org.apache.catalina.core.StandardEngineValve.invoke(StandardEngineValve.java:72) ~[tomcat-embed-core-11.0.15.jar:11.0.15]
	at org.apache.catalina.connector.CoyoteAdapter.service(CoyoteAdapter.java:341) ~[tomcat-embed-core-11.0.15.jar:11.0.15]
	at org.apache.coyote.http11.Http11Processor.service(Http11Processor.java:397) ~[tomcat-embed-core-11.0.15.jar:11.0.15]
	at org.apache.coyote.AbstractProcessorLight.process(AbstractProcessorLight.java:63) ~[tomcat-embed-core-11.0.15.jar:11.0.15]
	at org.apache.coyote.AbstractProtocol$ConnectionHandler.process(AbstractProtocol.java:903) ~[tomcat-embed-core-11.0.15.jar:11.0.15]
	at org.apache.tomcat.util.net.NioEndpoint$SocketProcessor.doRun(NioEndpoint.java:1778) ~[tomcat-embed-core-11.0.15.jar:11.0.15]
	at org.apache.tomcat.util.net.SocketProcessorBase.run(SocketProcessorBase.java:52) ~[tomcat-embed-core-11.0.15.jar:11.0.15]
	at org.apache.tomcat.util.threads.ThreadPoolExecutor.runWorker(ThreadPoolExecutor.java:946) ~[tomcat-embed-core-11.0.15.jar:11.0.15]
	at org.apache.tomcat.util.threads.ThreadPoolExecutor$Worker.run(ThreadPoolExecutor.java:480) ~[tomcat-embed-core-11.0.15.jar:11.0.15]
	at org.apache.tomcat.util.threads.TaskThread$WrappingRunnable.run(TaskThread.java:57) ~[tomcat-embed-core-11.0.15.jar:11.0.15]
	at java.base/java.lang.Thread.run(Thread.java:840) ~[na:na]

2025-12-25T12:15:50.075+05:30  INFO 21332 --- [LibMgmntSystem] [SpringApplicationShutdownHook] o.s.boot.tomcat.GracefulShutdown         : Commencing graceful shutdown. Waiting for active requests to complete
2025-12-25T12:15:50.079+05:30  INFO 21332 --- [LibMgmntSystem] [tomcat-shutdown] o.s.boot.tomcat.GracefulShutdown         : Graceful shutdown complete
2025-12-25T12:15:50.082+05:30  INFO 21332 --- [LibMgmntSystem] [SpringApplicationShutdownHook] j.LocalContainerEntityManagerFactoryBean : Closing JPA EntityManagerFactory for persistence unit 'default'
2025-12-25T12:15:50.085+05:30  INFO 21332 --- [LibMgmntSystem] [SpringApplicationShutdownHook] com.zaxxer.hikari.HikariDataSource       : HikariPool-1 - Shutdown initiated...
2025-12-25T12:15:50.091+05:30  INFO 21332 --- [LibMgmntSystem] [SpringApplicationShutdownHook] com.zaxxer.hikari.HikariDataSource       : HikariPool-1 - Shutdown completed.
